AppCurrencyAndroid/app/build/intermediates/manifest_merge_blame_file/debug/manifest-merger-blame-debug-report.txt
1<?xml version="1.0" encoding="utf-8"?>
2<manifest xmlns:android="http://schemas.android.com/apk/res/android"
3    package="com.allerates.appforyou"
4    android:versionCode="1"
5    android:versionName="1.0" >
6
7    <uses-sdk
8        android:minSdkVersion="23"
8-->src\main\AndroidManifest.xml
9        android:targetSdkVersion="29" />
9-->src\main\AndroidManifest.xml
10
11    <uses-permission android:name="android.permission.ACCESS_NETWORK_STATE" />
11-->src\main\AndroidManifest.xml:6:5-79
11-->src\main\AndroidManifest.xml:6:22-76
12    <uses-permission android:name="android.permission.ACCESS_WIFI_STATE" />
12-->src\main\AndroidManifest.xml:7:5-76
12-->src\main\AndroidManifest.xml:7:22-73
13    <uses-permission android:name="android.permission.INTERNET" />
13-->src\main\AndroidManifest.xml:8:5-67
13-->src\main\AndroidManifest.xml:8:22-64
14    <uses-permission android:name="android.permission.ACCESS_COARSE_LOCATION" />
14-->src\main\AndroidManifest.xml:9:5-81
14-->src\main\AndroidManifest.xml:9:22-78
15    <uses-permission android:name="android.permission.ACCESS_FINE_LOCATION" />
15-->src\main\AndroidManifest.xml:10:5-79
15-->src\main\AndroidManifest.xml:10:22-76
16    <uses-permission android:name="android.permission.READ_EXTERNAL_STORAGE" />
16-->src\main\AndroidManifest.xml:11:5-80
16-->src\main\AndroidManifest.xml:11:22-77
17    <uses-permission android:name="com.example.permission.MAPS_RECEIVE" />
17-->src\main\AndroidManifest.xml:12:5-75
17-->src\main\AndroidManifest.xml:12:22-72
18    <uses-permission android:name="android.permission.WRITE_EXTERNAL_STORAGE" />
18-->src\main\AndroidManifest.xml:13:5-81
18-->src\main\AndroidManifest.xml:13:22-78
19    <!-- USE_CREDENTIALS is necessary for Google+ login -->
20    <uses-permission android:name="android.permission.USE_CREDENTIALS" />
20-->src\main\AndroidManifest.xml:15:5-74
20-->src\main\AndroidManifest.xml:15:22-71
21    <!-- GET_ACCOUNTS is necessary to display email address of logged in user. This permission is optional -->
22    <uses-permission android:name="android.permission.GET_ACCOUNTS" />
22-->src\main\AndroidManifest.xml:17:5-71
22-->src\main\AndroidManifest.xml:17:22-68
23    <!-- Maps API needs OpenGL ES 2.0. -->
24    <uses-feature
24-->src\main\AndroidManifest.xml:19:5-21:35
25        android:glEsVersion="0x00020000"
25-->src\main\AndroidManifest.xml:20:9-41
26        android:required="true" />
26-->src\main\AndroidManifest.xml:21:9-32
27
28    <uses-permission android:name="android.permission.WAKE_LOCK" /> <!-- Required by older versions of Google Play services to create GCM registration tokens -->
28-->[com.google.firebase:firebase-analytics:11.8.0] AndroidManifest.xml:25:5-68
28-->[com.google.firebase:firebase-analytics:11.8.0] AndroidManifest.xml:25:22-65
29    <uses-permission android:name="com.google.android.c2dm.permission.RECEIVE" />
29-->[com.google.android.gms:play-services-gcm:11.8.0] AndroidManifest.xml:23:5-82
29-->[com.google.android.gms:play-services-gcm:11.8.0] AndroidManifest.xml:23:22-79
30
31    <permission
31-->[com.google.firebase:firebase-iid:11.8.0] AndroidManifest.xml:28:5-30:47
32        android:name="com.allerates.appforyou.permission.C2D_MESSAGE"
32-->[com.google.firebase:firebase-iid:11.8.0] AndroidManifest.xml:29:9-63
33        android:protectionLevel="signature" />
33-->[com.google.firebase:firebase-iid:11.8.0] AndroidManifest.xml:30:9-44
34
35    <uses-permission android:name="com.allerates.appforyou.permission.C2D_MESSAGE" />
35-->[com.google.firebase:firebase-iid:11.8.0] AndroidManifest.xml:32:5-79
35-->[com.google.firebase:firebase-iid:11.8.0] AndroidManifest.xml:32:22-76
36
37    <application
37-->src\main\AndroidManifest.xml:23:5-118:19
38        android:allowBackup="true"
38-->src\main\AndroidManifest.xml:24:9-35
39        android:debuggable="true"
40        android:hardwareAccelerated="false"
40-->src\main\AndroidManifest.xml:25:9-44
41        android:icon="@mipmap/logo"
41-->src\main\AndroidManifest.xml:26:9-36
42        android:label="@string/app_name"
42-->src\main\AndroidManifest.xml:27:9-41
43        android:largeHeap="true"
43-->src\main\AndroidManifest.xml:28:9-33
44        android:supportsRtl="true"
44-->src\main\AndroidManifest.xml:29:9-35
45        android:theme="@style/AppTheme" >
45-->src\main\AndroidManifest.xml:30:9-40
46        <uses-library android:name="com.google.android.maps" />
46-->src\main\AndroidManifest.xml:32:9-64
46-->src\main\AndroidManifest.xml:32:23-61
47
48        <activity
48-->src\main\AndroidManifest.xml:33:9-42:20
49            android:name="com.allerates.appforyou.activities.StartActivity"
49-->src\main\AndroidManifest.xml:34:13-53
50            android:screenOrientation="portrait"
50-->src\main\AndroidManifest.xml:35:13-49
51            android:theme="@style/SplashTheme" >
51-->src\main\AndroidManifest.xml:36:13-47
52            <intent-filter>
52-->src\main\AndroidManifest.xml:37:13-41:29
53                <action android:name="android.intent.action.MAIN" />
53-->src\main\AndroidManifest.xml:38:17-69
53-->src\main\AndroidManifest.xml:38:25-66
54
55                <category android:name="android.intent.category.LAUNCHER" />
55-->src\main\AndroidManifest.xml:40:17-77
55-->src\main\AndroidManifest.xml:40:27-74
56            </intent-filter>
57        </activity>
58
59        <meta-data
59-->src\main\AndroidManifest.xml:44:9-46:71
60            android:name="com.google.android.geo.API_KEY"
60-->src\main\AndroidManifest.xml:45:13-58
61            android:value="AIzaSyAE3_uWnx8h6MXxesKdCM36--E21Qlt_wM" />
61-->src\main\AndroidManifest.xml:46:13-68
62        <meta-data
62-->src\main\AndroidManifest.xml:47:9-49:69
63            android:name="com.google.android.gms.version"
63-->src\main\AndroidManifest.xml:48:13-58
64            android:value="@integer/google_play_services_version" />
64-->src\main\AndroidManifest.xml:49:13-66
65
66        <activity
66-->src\main\AndroidManifest.xml:51:9-53:52
67            android:name="com.allerates.appforyou.activities.SignUpActivity"
67-->src\main\AndroidManifest.xml:52:13-54
68            android:screenOrientation="portrait" />
68-->src\main\AndroidManifest.xml:53:13-49
69        <activity
69-->src\main\AndroidManifest.xml:54:9-57:60
70            android:name="com.allerates.appforyou.activities.LoginActivity"
70-->src\main\AndroidManifest.xml:55:13-53
71            android:screenOrientation="portrait"
71-->src\main\AndroidManifest.xml:56:13-49
72            android:theme="@style/Theme.AppCompat.Light" />
72-->src\main\AndroidManifest.xml:57:13-57
73        <activity
73-->src\main\AndroidManifest.xml:58:9-60:52
74            android:name="com.allerates.appforyou.activities.UsersListActivity"
74-->src\main\AndroidManifest.xml:59:13-57
75            android:screenOrientation="portrait" />
75-->src\main\AndroidManifest.xml:60:13-49
76        <activity
76-->src\main\AndroidManifest.xml:61:9-64:58
77            android:name="com.allerates.appforyou.activities.MainActivity"
77-->src\main\AndroidManifest.xml:62:13-52
78            android:screenOrientation="portrait"
78-->src\main\AndroidManifest.xml:63:13-49
79            android:theme="@style/AppTheme.FullScreen" />
79-->src\main\AndroidManifest.xml:64:13-55
80
81        <meta-data
81-->src\main\AndroidManifest.xml:66:9-68:55
82            android:name="com.facebook.sdk.ApplicationId"
82-->src\main\AndroidManifest.xml:67:13-58
83            android:value="@string/facebook_app_id" />
83-->src\main\AndroidManifest.xml:68:13-52
84
85        <activity
85-->src\main\AndroidManifest.xml:70:9-74:52
86            android:name="com.facebook.FacebookActivity"
86-->src\main\AndroidManifest.xml:71:13-57
87            android:configChanges="keyboard|keyboardHidden|screenLayout|screenSize|orientation"
87-->src\main\AndroidManifest.xml:72:13-96
88            android:label="@string/app_name"
88-->src\main\AndroidManifest.xml:73:13-45
89            android:screenOrientation="portrait" />
89-->src\main\AndroidManifest.xml:74:13-49
90        <activity
90-->src\main\AndroidManifest.xml:75:9-79:72
91            android:name="com.allerates.appforyou.activities.SettingActivity"
91-->src\main\AndroidManifest.xml:76:13-55
92            android:label="@string/setting"
92-->src\main\AndroidManifest.xml:77:13-44
93            android:screenOrientation="portrait"
93-->src\main\AndroidManifest.xml:78:13-49
94            android:theme="@style/Theme.AppCompat.Light.NoActionBar" />
94-->src\main\AndroidManifest.xml:79:13-69
95        <activity
95-->src\main\AndroidManifest.xml:80:9-83:59
96            android:name="com.allerates.appforyou.json.MainTest"
96-->src\main\AndroidManifest.xml:81:13-42
97            android:screenOrientation="portrait"
97-->src\main\AndroidManifest.xml:82:13-49
98            android:theme="@style/AppTheme.NoActionBar" />
98-->src\main\AndroidManifest.xml:83:13-56
99        <activity
99-->src\main\AndroidManifest.xml:84:9-88:59
100            android:name="com.allerates.appforyou.activities.ClusteringDemoActivity"
100-->src\main\AndroidManifest.xml:85:13-62
101            android:label="@string/title_activity_setting"
101-->src\main\AndroidManifest.xml:86:13-59
102            android:screenOrientation="portrait"
102-->src\main\AndroidManifest.xml:87:13-49
103            android:theme="@style/AppTheme.NoActionBar" />
103-->src\main\AndroidManifest.xml:88:13-56
104        <activity
104-->src\main\AndroidManifest.xml:89:9-93:58
105            android:name="com.allerates.appforyou.activities.FragmentsActivity"
105-->src\main\AndroidManifest.xml:90:13-57
106            android:label="@string/title_activity_setting"
106-->src\main\AndroidManifest.xml:91:13-59
107            android:screenOrientation="portrait"
107-->src\main\AndroidManifest.xml:92:13-49
108            android:theme="@style/AppTheme.NoActionBar" />
108-->src\main\AndroidManifest.xml:93:13-56
109        <activity
109-->src\main\AndroidManifest.xml:94:9-98:56
110            android:name="com.allerates.appforyou.activities.DialogActivity"
110-->src\main\AndroidManifest.xml:95:13-54
111            android:noHistory="true"
111-->src\main\AndroidManifest.xml:96:13-37
112            android:screenOrientation="portrait"
112-->src\main\AndroidManifest.xml:97:13-49
113            android:theme="@style/AlertDialogCustom" />
113-->src\main\AndroidManifest.xml:98:13-53
114        <activity android:name="com.allerates.appforyou.activities.CustomMarkerClusteringDemoActivity" />
114-->src\main\AndroidManifest.xml:99:9-83
114-->src\main\AndroidManifest.xml:99:19-80
115        <activity
115-->src\main\AndroidManifest.xml:100:9-103:59
116            android:name="com.allerates.appforyou.activities.DetailedActivity"
116-->src\main\AndroidManifest.xml:101:13-56
117            android:screenOrientation="portrait"
117-->src\main\AndroidManifest.xml:102:13-49
118            android:theme="@style/AppTheme.NoActionBar" />
118-->src\main\AndroidManifest.xml:103:13-56
119        <activity
119-->src\main\AndroidManifest.xml:104:9-108:59
120            android:name="com.allerates.appforyou.activities.AddCommendActivity"
120-->src\main\AndroidManifest.xml:105:13-58
121            android:label="@string/title_activity_main3"
121-->src\main\AndroidManifest.xml:106:13-57
122            android:screenOrientation="portrait"
122-->src\main\AndroidManifest.xml:107:13-49
123            android:theme="@style/AppTheme.NoActionBar" />
123-->src\main\AndroidManifest.xml:108:13-56
124        <activity
124-->src\main\AndroidManifest.xml:109:9-112:58
125            android:name="com.allerates.appforyou.activities.ActivityContactUs"
125-->src\main\AndroidManifest.xml:110:13-57
126            android:screenOrientation="portrait"
126-->src\main\AndroidManifest.xml:111:13-49
127            android:theme="@style/AppTheme.FullScreen" />
127-->src\main\AndroidManifest.xml:112:13-55
128        <activity android:name="com.allerates.appforyou.activities.ShowListCommendActivity" />
128-->src\main\AndroidManifest.xml:113:9-114:66
128-->src\main\AndroidManifest.xml:114:13-63
129        <activity android:name="com.allerates.appforyou.activities.ConfirmMailActivity" />
129-->src\main\AndroidManifest.xml:115:9-68
129-->src\main\AndroidManifest.xml:115:19-65
130        <activity android:name="com.allerates.appforyou.activities.PasswordRecoveryActivity" />
130-->src\main\AndroidManifest.xml:116:9-73
130-->src\main\AndroidManifest.xml:116:19-70
131        <activity android:name="com.allerates.appforyou.activities.UpdatePasswordActivity" />
131-->src\main\AndroidManifest.xml:117:9-71
131-->src\main\AndroidManifest.xml:117:19-68
132
133        <receiver android:name="com.google.android.gms.cast.framework.media.MediaIntentReceiver" />
133-->[com.google.android.gms:play-services-cast-framework:11.8.0] AndroidManifest.xml:8:9-100
133-->[com.google.android.gms:play-services-cast-framework:11.8.0] AndroidManifest.xml:8:19-97
134
135        <service android:name="com.google.android.gms.cast.framework.media.MediaNotificationService" />
135-->[com.google.android.gms:play-services-cast-framework:11.8.0] AndroidManifest.xml:10:9-104
135-->[com.google.android.gms:play-services-cast-framework:11.8.0] AndroidManifest.xml:10:18-101
136        <service android:name="com.google.android.gms.cast.framework.ReconnectionService" />
136-->[com.google.android.gms:play-services-cast-framework:11.8.0] AndroidManifest.xml:11:9-93
136-->[com.google.android.gms:play-services-cast-framework:11.8.0] AndroidManifest.xml:11:18-90
137        <service
137-->[com.google.android.gms:play-services-tagmanager-api:11.8.0] AndroidManifest.xml:27:9-30:40
138            android:name="com.google.android.gms.tagmanager.TagManagerService"
138-->[com.google.android.gms:play-services-tagmanager-api:11.8.0] AndroidManifest.xml:28:13-79
139            android:enabled="true"
139-->[com.google.android.gms:play-services-tagmanager-api:11.8.0] AndroidManifest.xml:29:13-35
140            android:exported="false" />
140-->[com.google.android.gms:play-services-tagmanager-api:11.8.0] AndroidManifest.xml:30:13-37
141
142        <activity
142-->[com.google.android.gms:play-services-tagmanager-api:11.8.0] AndroidManifest.xml:32:9-44:20
143            android:name="com.google.android.gms.tagmanager.TagManagerPreviewActivity"
143-->[com.google.android.gms:play-services-tagmanager-api:11.8.0] AndroidManifest.xml:33:13-87
144            android:exported="true"
144-->[com.google.android.gms:play-services-tagmanager-api:11.8.0] AndroidManifest.xml:34:13-36
145            android:noHistory="true" > <!-- optional, removes the previewActivity from the activity stack. -->
145-->[com.google.android.gms:play-services-tagmanager-api:11.8.0] AndroidManifest.xml:35:13-37
146            <intent-filter>
146-->[com.google.android.gms:play-services-tagmanager-api:11.8.0] AndroidManifest.xml:36:13-43:29
147                <data android:scheme="tagmanager.c.com.allerates.appforyou" />
147-->[com.google.android.gms:play-services-tagmanager-api:11.8.0] AndroidManifest.xml:37:17-72
147-->[com.google.android.gms:play-services-tagmanager-api:11.8.0] AndroidManifest.xml:37:23-69
148
149                <action android:name="android.intent.action.VIEW" />
149-->[com.google.android.gms:play-services-tagmanager-api:11.8.0] AndroidManifest.xml:39:17-69
149-->[com.google.android.gms:play-services-tagmanager-api:11.8.0] AndroidManifest.xml:39:25-66
150
151                <category android:name="android.intent.category.DEFAULT" />
151-->[com.google.android.gms:play-services-tagmanager-api:11.8.0] AndroidManifest.xml:41:17-76
151-->[com.google.android.gms:play-services-tagmanager-api:11.8.0] AndroidManifest.xml:41:27-73
152                <category android:name="android.intent.category.BROWSABLE" />
152-->[com.google.android.gms:play-services-tagmanager-api:11.8.0] AndroidManifest.xml:42:17-78
152-->[com.google.android.gms:play-services-tagmanager-api:11.8.0] AndroidManifest.xml:42:27-75
153            </intent-filter>
154        </activity>
155
156        <receiver
156-->[com.google.firebase:firebase-analytics:11.8.0] AndroidManifest.xml:28:9-32:20
157            android:name="com.google.android.gms.measurement.AppMeasurementReceiver"
157-->[com.google.firebase:firebase-analytics:11.8.0] AndroidManifest.xml:29:13-85
158            android:enabled="true"
158-->[com.google.firebase:firebase-analytics:11.8.0] AndroidManifest.xml:30:13-35
159            android:exported="false" >
159-->[com.google.firebase:firebase-analytics:11.8.0] AndroidManifest.xml:31:13-37
160        </receiver>
161        <receiver
161-->[com.google.firebase:firebase-analytics:11.8.0] AndroidManifest.xml:33:9-41:20
162            android:name="com.google.android.gms.measurement.AppMeasurementInstallReferrerReceiver"
162-->[com.google.firebase:firebase-analytics:11.8.0] AndroidManifest.xml:34:13-100
163            android:enabled="true"
163-->[com.google.firebase:firebase-analytics:11.8.0] AndroidManifest.xml:35:13-35
164            android:exported="true"
164-->[com.google.firebase:firebase-analytics:11.8.0] AndroidManifest.xml:36:13-36
165            android:permission="android.permission.INSTALL_PACKAGES" >
165-->[com.google.firebase:firebase-analytics:11.8.0] AndroidManifest.xml:37:13-69
166            <intent-filter>
166-->[com.google.firebase:firebase-analytics:11.8.0] AndroidManifest.xml:38:13-40:29
167                <action android:name="com.android.vending.INSTALL_REFERRER" />
167-->[com.google.firebase:firebase-analytics:11.8.0] AndroidManifest.xml:39:17-79
167-->[com.google.firebase:firebase-analytics:11.8.0] AndroidManifest.xml:39:25-76
168            </intent-filter>
169        </receiver>
170
171        <service
171-->[com.google.firebase:firebase-analytics:11.8.0] AndroidManifest.xml:43:9-46:40
172            android:name="com.google.android.gms.measurement.AppMeasurementService"
172-->[com.google.firebase:firebase-analytics:11.8.0] AndroidManifest.xml:44:13-84
173            android:enabled="true"
173-->[com.google.firebase:firebase-analytics:11.8.0] AndroidManifest.xml:45:13-35
174            android:exported="false" />
174-->[com.google.firebase:firebase-analytics:11.8.0] AndroidManifest.xml:46:13-37
175        <service
175-->[com.google.firebase:firebase-analytics:11.8.0] AndroidManifest.xml:47:9-51:72
176            android:name="com.google.android.gms.measurement.AppMeasurementJobService"
176-->[com.google.firebase:firebase-analytics:11.8.0] AndroidManifest.xml:48:13-87
177            android:enabled="true"
177-->[com.google.firebase:firebase-analytics:11.8.0] AndroidManifest.xml:49:13-35
178            android:exported="false"
178-->[com.google.firebase:firebase-analytics:11.8.0] AndroidManifest.xml:50:13-37
179            android:permission="android.permission.BIND_JOB_SERVICE" />
179-->[com.google.firebase:firebase-analytics:11.8.0] AndroidManifest.xml:51:13-69
180
181        <receiver
181-->[com.google.android.gms:play-services-analytics:11.8.0] AndroidManifest.xml:30:9-34:20
182            android:name="com.google.android.gms.analytics.AnalyticsReceiver"
182-->[com.google.android.gms:play-services-analytics:11.8.0] AndroidManifest.xml:31:13-78
183            android:enabled="true"
183-->[com.google.android.gms:play-services-analytics:11.8.0] AndroidManifest.xml:32:13-35
184            android:exported="false" >
184-->[com.google.android.gms:play-services-analytics:11.8.0] AndroidManifest.xml:33:13-37
185        </receiver>
186
187        <service
187-->[com.google.android.gms:play-services-analytics:11.8.0] AndroidManifest.xml:36:9-39:40
188            android:name="com.google.android.gms.analytics.AnalyticsService"
188-->[com.google.android.gms:play-services-analytics:11.8.0] AndroidManifest.xml:37:13-77
189            android:enabled="true"
189-->[com.google.android.gms:play-services-analytics:11.8.0] AndroidManifest.xml:38:13-35
190            android:exported="false" />
190-->[com.google.android.gms:play-services-analytics:11.8.0] AndroidManifest.xml:39:13-37
191        <service
191-->[com.google.android.gms:play-services-analytics:11.8.0] AndroidManifest.xml:40:9-44:72
192            android:name="com.google.android.gms.analytics.AnalyticsJobService"
192-->[com.google.android.gms:play-services-analytics:11.8.0] AndroidManifest.xml:41:13-80
193            android:enabled="true"
193-->[com.google.android.gms:play-services-analytics:11.8.0] AndroidManifest.xml:42:13-35
194            android:exported="false"
194-->[com.google.android.gms:play-services-analytics:11.8.0] AndroidManifest.xml:43:13-37
195            android:permission="android.permission.BIND_JOB_SERVICE" />
195-->[com.google.android.gms:play-services-analytics:11.8.0] AndroidManifest.xml:44:13-69
196
197        <activity
197-->[com.google.android.gms:play-services-appinvite:11.8.0] AndroidManifest.xml:25:9-34:20
198            android:name="com.google.android.gms.appinvite.PreviewActivity"
198-->[com.google.android.gms:play-services-appinvite:11.8.0] AndroidManifest.xml:26:13-76
199            android:exported="true"
199-->[com.google.android.gms:play-services-appinvite:11.8.0] AndroidManifest.xml:27:13-36
200            android:theme="@style/Theme.AppInvite.Preview" >
200-->[com.google.android.gms:play-services-appinvite:11.8.0] AndroidManifest.xml:28:13-59
201            <intent-filter>
201-->[com.google.android.gms:play-services-appinvite:11.8.0] AndroidManifest.xml:29:13-33:29
202                <action android:name="com.google.android.gms.appinvite.ACTION_PREVIEW" />
202-->[com.google.android.gms:play-services-appinvite:11.8.0] AndroidManifest.xml:30:17-90
202-->[com.google.android.gms:play-services-appinvite:11.8.0] AndroidManifest.xml:30:25-87
203
204                <category android:name="android.intent.category.DEFAULT" />
204-->[com.google.android.gms:play-services-tagmanager-api:11.8.0] AndroidManifest.xml:41:17-76
204-->[com.google.android.gms:play-services-tagmanager-api:11.8.0] AndroidManifest.xml:41:27-73
205            </intent-filter>
206        </activity>
207        <activity
207-->[com.google.android.gms:play-services-auth:11.8.0] AndroidManifest.xml:23:9-27:75
208            android:name="com.google.android.gms.auth.api.signin.internal.SignInHubActivity"
208-->[com.google.android.gms:play-services-auth:11.8.0] AndroidManifest.xml:24:13-93
209            android:excludeFromRecents="true"
209-->[com.google.android.gms:play-services-auth:11.8.0] AndroidManifest.xml:25:13-46
210            android:exported="false"
210-->[com.google.android.gms:play-services-auth:11.8.0] AndroidManifest.xml:26:13-37
211            android:theme="@android:style/Theme.Translucent.NoTitleBar" />
211-->[com.google.android.gms:play-services-auth:11.8.0] AndroidManifest.xml:27:13-72
212        <!--
213            Service handling Google Sign-In user revocation. For apps that do not integrate with
214            Google Sign-In, this service will never be started.
215        -->
216        <service
216-->[com.google.android.gms:play-services-auth:11.8.0] AndroidManifest.xml:33:9-36:110
217            android:name="com.google.android.gms.auth.api.signin.RevocationBoundService"
217-->[com.google.android.gms:play-services-auth:11.8.0] AndroidManifest.xml:34:13-89
218            android:exported="true"
218-->[com.google.android.gms:play-services-auth:11.8.0] AndroidManifest.xml:35:13-36
219            android:permission="com.google.android.gms.auth.api.signin.permission.REVOCATION_NOTIFICATION" />
219-->[com.google.android.gms:play-services-auth:11.8.0] AndroidManifest.xml:36:13-107
220
221        <activity
221-->[com.google.firebase:firebase-auth:11.8.0] AndroidManifest.xml:23:9-29:75
222            android:name="com.google.firebase.auth.internal.FederatedSignInActivity"
222-->[com.google.firebase:firebase-auth:11.8.0] AndroidManifest.xml:24:13-85
223            android:excludeFromRecents="true"
223-->[com.google.firebase:firebase-auth:11.8.0] AndroidManifest.xml:25:13-46
224            android:exported="true"
224-->[com.google.firebase:firebase-auth:11.8.0] AndroidManifest.xml:26:13-36
225            android:launchMode="singleInstance"
225-->[com.google.firebase:firebase-auth:11.8.0] AndroidManifest.xml:27:13-48
226            android:permission="com.google.firebase.auth.api.gms.permission.LAUNCH_FEDERATED_SIGN_IN"
226-->[com.google.firebase:firebase-auth:11.8.0] AndroidManifest.xml:28:13-102
227            android:theme="@android:style/Theme.Translucent.NoTitleBar" />
227-->[com.google.firebase:firebase-auth:11.8.0] AndroidManifest.xml:29:13-72
228        <activity
228-->[com.google.android.gms:play-services-base:11.8.0] AndroidManifest.xml:23:9-26:75
229            android:name="com.google.android.gms.common.api.GoogleApiActivity"
229-->[com.google.android.gms:play-services-base:11.8.0] AndroidManifest.xml:24:13-79
230            android:exported="false"
230-->[com.google.android.gms:play-services-base:11.8.0] AndroidManifest.xml:25:13-37
231            android:theme="@android:style/Theme.Translucent.NoTitleBar" />
231-->[com.google.android.gms:play-services-base:11.8.0] AndroidManifest.xml:26:13-72
232        <!--
233             FirebaseMessagingService performs security checks at runtime,
234             no need for explicit permissions despite exported="true"
235        -->
236        <service
236-->[com.google.firebase:firebase-messaging:11.8.0] AndroidManifest.xml:28:9-34:19
237            android:name="com.google.firebase.messaging.FirebaseMessagingService"
237-->[com.google.firebase:firebase-messaging:11.8.0] AndroidManifest.xml:29:13-82
238            android:exported="true" >
238-->[com.google.firebase:firebase-messaging:11.8.0] AndroidManifest.xml:30:13-36
239            <intent-filter android:priority="-500" >
239-->[com.google.firebase:firebase-messaging:11.8.0] AndroidManifest.xml:31:13-33:29
239-->[com.google.firebase:firebase-messaging:11.8.0] AndroidManifest.xml:31:28-51
240                <action android:name="com.google.firebase.MESSAGING_EVENT" />
240-->[com.google.firebase:firebase-messaging:11.8.0] AndroidManifest.xml:32:17-78
240-->[com.google.firebase:firebase-messaging:11.8.0] AndroidManifest.xml:32:25-75
241            </intent-filter>
242        </service>
243
244        <receiver
244-->[com.google.firebase:firebase-iid:11.8.0] AndroidManifest.xml:35:9-44:20
245            android:name="com.google.firebase.iid.FirebaseInstanceIdReceiver"
245-->[com.google.firebase:firebase-iid:11.8.0] AndroidManifest.xml:36:13-78
246            android:exported="true"
246-->[com.google.firebase:firebase-iid:11.8.0] AndroidManifest.xml:37:13-36
247            android:permission="com.google.android.c2dm.permission.SEND" >
247-->[com.google.firebase:firebase-iid:11.8.0] AndroidManifest.xml:38:13-73
248            <intent-filter>
248-->[com.google.firebase:firebase-iid:11.8.0] AndroidManifest.xml:39:13-43:29
249                <action android:name="com.google.android.c2dm.intent.RECEIVE" />
249-->[com.google.firebase:firebase-iid:11.8.0] AndroidManifest.xml:40:17-81
249-->[com.google.firebase:firebase-iid:11.8.0] AndroidManifest.xml:40:25-78
250
251                <category android:name="com.allerates.appforyou" />
251-->[com.google.firebase:firebase-iid:11.8.0] AndroidManifest.xml:42:17-61
251-->[com.google.firebase:firebase-iid:11.8.0] AndroidManifest.xml:42:27-58
252            </intent-filter>
253        </receiver>
254        <!--
255             FirebaseInstanceIdService performs security checks at runtime,
256             no need for explicit permissions despite exported="true"
257        -->
258        <service
258-->[com.google.firebase:firebase-iid:11.8.0] AndroidManifest.xml:50:9-56:19
259            android:name="com.google.firebase.iid.FirebaseInstanceIdService"
259-->[com.google.firebase:firebase-iid:11.8.0] AndroidManifest.xml:51:13-77
260            android:exported="true" >
260-->[com.google.firebase:firebase-iid:11.8.0] AndroidManifest.xml:52:13-36
261            <intent-filter android:priority="-500" >
261-->[com.google.firebase:firebase-iid:11.8.0] AndroidManifest.xml:53:13-55:29
261-->[com.google.firebase:firebase-iid:11.8.0] AndroidManifest.xml:53:28-51
262                <action android:name="com.google.firebase.INSTANCE_ID_EVENT" />
262-->[com.google.firebase:firebase-iid:11.8.0] AndroidManifest.xml:54:17-80
262-->[com.google.firebase:firebase-iid:11.8.0] AndroidManifest.xml:54:25-77
263            </intent-filter>
264        </service>
265
266        <provider
266-->[com.google.firebase:firebase-common:11.8.0] AndroidManifest.xml:8:9-12:39
267            android:name="com.google.firebase.provider.FirebaseInitProvider"
267-->[com.google.firebase:firebase-common:11.8.0] AndroidManifest.xml:9:13-77
268            android:authorities="com.allerates.appforyou.firebaseinitprovider"
268-->[com.google.firebase:firebase-common:11.8.0] AndroidManifest.xml:10:13-72
269            android:exported="false"
269-->[com.google.firebase:firebase-common:11.8.0] AndroidManifest.xml:11:13-37
270            android:initOrder="100" /> <!-- Include the AdActivity and InAppPurchaseActivity configChanges and themes. -->
270-->[com.google.firebase:firebase-common:11.8.0] AndroidManifest.xml:12:13-36
271        <activity
271-->[com.google.android.gms:play-services-ads-lite:11.8.0] AndroidManifest.xml:29:9-33:64
272            android:name="com.google.android.gms.ads.AdActivity"
272-->[com.google.android.gms:play-services-ads-lite:11.8.0] AndroidManifest.xml:30:13-65
273            android:configChanges="keyboard|keyboardHidden|orientation|screenLayout|uiMode|screenSize|smallestScreenSize"
273-->[com.google.android.gms:play-services-ads-lite:11.8.0] AndroidManifest.xml:31:13-122
274            android:exported="false"
274-->[com.google.android.gms:play-services-ads-lite:11.8.0] AndroidManifest.xml:32:13-37
275            android:theme="@android:style/Theme.Translucent" />
275-->[com.google.android.gms:play-services-ads-lite:11.8.0] AndroidManifest.xml:33:13-61
276    </application>
277
278</manifest>